mktextfm phvr7t
mktextfm phvr7t
mktextfm phvr7t
mktextfm phvr7t
mktextfm ptmr7t
mktextfm ptmr7t
mktextfm ptmr7t
mktextfm pcrr7t
mktextfm ptmr7t
mktextfm ptmb7t
mktextfm nullfont
mktextfm ptmr7t
mktextfm ptmr7t
mktextfm ptmb7t
mktextfm nullfont
mktextfm ptmr7t
mktextfm ptmb7t
mktextfm nullfont
mktextfm ptmb7t
mktextfm nullfont
mktextfm ptmri7t
mktextfm pcrr7t
mktextfm pcrro7t
mktextfm nullfont
mktextfm ptmri7t
mktextfm ptmr7t
mktextfm ptmr7t
mktextfm ptmr7t
mktextfm pcrr7t
mktextfm pzdr
mktextfm pzdr
mktextfm pzdr
mktextfm pzdr
mktextfm pzdr
mktextfm pzdr
mktextfm pzdr
