\BOOKMARK [1][-]{section.1}{Introduction}{}% 1
\BOOKMARK [2][-]{subsection.1.1}{Features}{section.1}% 2
\BOOKMARK [2][-]{subsection.1.2}{Code structure}{section.1}% 3
\BOOKMARK [2][-]{subsection.1.3}{Getting started}{section.1}% 4
\BOOKMARK [2][-]{subsection.1.4}{Context creation}{section.1}% 5
\BOOKMARK [2][-]{subsection.1.5}{Rendering loop}{section.1}% 6
\BOOKMARK [1][-]{section.2}{Digging into API}{}% 7
\BOOKMARK [2][-]{subsection.2.1}{Entity}{section.2}% 8
\BOOKMARK [2][-]{subsection.2.2}{Scene}{section.2}% 9
\BOOKMARK [2][-]{subsection.2.3}{Camera}{section.2}% 10
\BOOKMARK [2][-]{subsection.2.4}{Renderers}{section.2}% 11
\BOOKMARK [2][-]{subsection.2.5}{Programs and Shaders}{section.2}% 12
\BOOKMARK [2][-]{subsection.2.6}{Store functions}{section.2}% 13
\BOOKMARK [2][-]{subsection.2.7}{Model}{section.2}% 14
\BOOKMARK [3][-]{subsubsection.2.7.1}{Direct methods}{subsection.2.7}% 15
\BOOKMARK [3][-]{subsubsection.2.7.2}{Builders}{subsection.2.7}% 16
\BOOKMARK [3][-]{subsubsection.2.7.3}{Effects}{subsection.2.7}% 17
\BOOKMARK [2][-]{subsection.2.8}{Particles}{section.2}% 18
\BOOKMARK [2][-]{subsection.2.9}{Skybox}{section.2}% 19
\BOOKMARK [2][-]{subsection.2.10}{Terrain}{section.2}% 20
\BOOKMARK [3][-]{subsubsection.2.10.1}{Voxel terrain}{subsection.2.10}% 21
\BOOKMARK [3][-]{subsubsection.2.10.2}{Mesh terrain}{subsection.2.10}% 22
\BOOKMARK [2][-]{subsection.2.11}{Text}{section.2}% 23
\BOOKMARK [2][-]{subsection.2.12}{Light}{section.2}% 24
\BOOKMARK [3][-]{subsubsection.2.12.1}{Spot light}{subsection.2.12}% 25
\BOOKMARK [3][-]{subsubsection.2.12.2}{Directional light}{subsection.2.12}% 26
\BOOKMARK [3][-]{subsubsection.2.12.3}{Point light}{subsection.2.12}% 27
\BOOKMARK [2][-]{subsection.2.13}{Logging}{section.2}% 28
\BOOKMARK [2][-]{subsection.2.14}{Event system}{section.2}% 29
\BOOKMARK [3][-]{subsubsection.2.14.1}{Focus functions and private callbacks}{subsection.2.14}% 30
\BOOKMARK [3][-]{subsubsection.2.14.2}{Register, unregister and clear functions}{subsection.2.14}% 31
\BOOKMARK [2][-]{subsection.2.15}{Easing}{section.2}% 32
\BOOKMARK [2][-]{subsection.2.16}{Physics}{section.2}% 33
\BOOKMARK [2][-]{subsection.2.17}{Extras}{section.2}% 34
\BOOKMARK [1][-]{section.3}{Customization}{}% 35
\BOOKMARK [2][-]{subsection.3.1}{Custom events}{section.3}% 36
\BOOKMARK [2][-]{subsection.3.2}{Custom callbacks}{section.3}% 37
\BOOKMARK [2][-]{subsection.3.3}{Custom easing}{section.3}% 38
\BOOKMARK [1][-]{section.4}{Examples}{}% 39
\BOOKMARK [1][-]{section.5}{Licenses}{}% 40
